\BOOKMARK [1][-]{section.1}{Einleitung}{}% 1
\BOOKMARK [2][-]{subsection.1.1}{Problemstellung und Motivation}{section.1}% 2
\BOOKMARK [2][-]{subsection.1.2}{Ziel der Arbeit}{section.1}% 3
\BOOKMARK [2][-]{subsection.1.3}{Struktur der Arbeit}{section.1}% 4
\BOOKMARK [1][-]{section.2}{Grundlagen}{}% 5
\BOOKMARK [2][-]{subsection.2.1}{Technologien}{section.2}% 6
\BOOKMARK [2][-]{subsection.2.2}{ViRGOS als Basis}{section.2}% 7
\BOOKMARK [1][-]{section.3}{Stand der Wissenschaft}{}% 8
\BOOKMARK [2][-]{subsection.3.1}{Lernen in Virtual Reality}{section.3}% 9
\BOOKMARK [3][-]{subsubsection.3.1.1}{Positive Lerneffekte von Virtual Reality}{subsection.3.1}% 10
\BOOKMARK [3][-]{subsubsection.3.1.2}{Lerntypen}{subsection.3.1}% 11
\BOOKMARK [3][-]{subsubsection.3.1.3}{Interaktion und Lernwelttypen}{subsection.3.1}% 12
\BOOKMARK [2][-]{subsection.3.2}{Kooperation in Virtual Reality}{section.3}% 13
\BOOKMARK [3][-]{subsubsection.3.2.1}{Interaktion mit mehreren Benutzern}{subsection.3.2}% 14
\BOOKMARK [3][-]{subsubsection.3.2.2}{Kommunikation}{subsection.3.2}% 15
\BOOKMARK [3][-]{subsubsection.3.2.3}{Asymmetrische Kooperation}{subsection.3.2}% 16
\BOOKMARK [1][-]{section.4}{Konzeption}{}% 17
\BOOKMARK [2][-]{subsection.4.1}{Anforderungsanalyse}{section.4}% 18
\BOOKMARK [3][-]{subsubsection.4.1.1}{Funktionale Anforderungen}{subsection.4.1}% 19
\BOOKMARK [3][-]{subsubsection.4.1.2}{Nicht-Funktionale Anforderungen}{subsection.4.1}% 20
\BOOKMARK [2][-]{subsection.4.2}{Auswahl der Technologien}{section.4}% 21
\BOOKMARK [3][-]{subsubsection.4.2.1}{Mirror}{subsection.4.2}% 22
\BOOKMARK [3][-]{subsubsection.4.2.2}{Photon}{subsection.4.2}% 23
\BOOKMARK [2][-]{subsection.4.3}{Entwurf}{section.4}% 24
\BOOKMARK [3][-]{subsubsection.4.3.1}{Prototyp}{subsection.4.3}% 25
\BOOKMARK [3][-]{subsubsection.4.3.2}{Mehrspielerf\344higkeit in ViRGOS}{subsection.4.3}% 26
\BOOKMARK [3][-]{subsubsection.4.3.3}{Werkzeuge}{subsection.4.3}% 27
\BOOKMARK [3][-]{subsubsection.4.3.4}{Tests und Befragungen}{subsection.4.3}% 28
\BOOKMARK [1][-]{section.5}{Umsetzung}{}% 29
\BOOKMARK [2][-]{subsection.5.1}{Vorstudie und Prototyp}{section.5}% 30
\BOOKMARK [2][-]{subsection.5.2}{ViRGOS}{section.5}% 31
\BOOKMARK [3][-]{subsubsection.5.2.1}{Mehrspielerf\344higkeit}{subsection.5.2}% 32
\BOOKMARK [3][-]{subsubsection.5.2.2}{Versuchsaufbau f\374r Interaktionen}{subsection.5.2}% 33
\BOOKMARK [3][-]{subsubsection.5.2.3}{Werkzeuge}{subsection.5.2}% 34
\BOOKMARK [2][-]{subsection.5.3}{Einschr\344nkungen durch Covid-19}{section.5}% 35
\BOOKMARK [1][-]{section.6}{Evaluation/Probandenbefragung}{}% 36
\BOOKMARK [2][-]{subsection.6.1}{Versuchsablauf}{section.6}% 37
\BOOKMARK [2][-]{subsection.6.2}{Testergebnisse}{section.6}% 38
\BOOKMARK [1][-]{section.7}{Fazit}{}% 39
\BOOKMARK [2][-]{subsection.7.1}{Diskussion}{section.7}% 40
\BOOKMARK [2][-]{subsection.7.2}{Ausblick}{section.7}% 41
\BOOKMARK [1][-]{subsection.7.2}{Literatur}{}% 42
